  [1m[36mSQL (2.5ms)[0m  [1mCREATE EXTENSION IF NOT EXISTS "plpgsql"[0m
  [1m[35m (21.1ms)[0m  CREATE TABLE "comments" ("id" serial primary key, "content" text, "user_id" integer NOT NULL, "post_id" integer NOT NULL, "parent_comment_id" integer, "created_at" timestamp NOT NULL, "updated_at" timestamp NOT NULL) 
  [1m[36m (1.3ms)[0m  [1mCREATE  INDEX  "index_comments_on_parent_comment_id" ON "comments" USING btree ("parent_comment_id")[0m
  [1m[35m (1.5ms)[0m  CREATE  INDEX  "index_comments_on_post_id" ON "comments" USING btree ("post_id")
  [1m[36m (1.2ms)[0m  [1mCREATE  INDEX  "index_comments_on_user_id" ON "comments" USING btree ("user_id")[0m
  [1m[35m (3.3ms)[0m  CREATE TABLE "post_subs" ("id" serial primary key, "post_id" integer NOT NULL, "sub_id" integer NOT NULL, "created_at" timestamp NOT NULL, "updated_at" timestamp NOT NULL) 
  [1m[36m (1.2ms)[0m  [1mCREATE  INDEX  "index_post_subs_on_post_id" ON "post_subs" USING btree ("post_id")[0m
  [1m[35m (1.2ms)[0m  CREATE  INDEX  "index_post_subs_on_sub_id" ON "post_subs" USING btree ("sub_id")
  [1m[36m (4.6ms)[0m  [1mCREATE TABLE "posts" ("id" serial primary key, "title" character varying NOT NULL, "url" character varying, "content" text, "user_id" integer NOT NULL, "created_at" timestamp NOT NULL, "updated_at" timestamp NOT NULL) [0m
  [1m[35m (1.4ms)[0m  CREATE  INDEX  "index_posts_on_user_id" ON "posts" USING btree ("user_id")
  [1m[36m (4.7ms)[0m  [1mCREATE TABLE "subs" ("id" serial primary key, "title" character varying NOT NULL, "description" text, "user_id" integer, "created_at" timestamp NOT NULL, "updated_at" timestamp NOT NULL) [0m
  [1m[35m (1.1ms)[0m  CREATE  INDEX  "index_subs_on_user_id" ON "subs" USING btree ("user_id")
  [1m[36m (7.7ms)[0m  [1mCREATE TABLE "users" ("id" serial primary key, "username" character varying NOT NULL, "password_digest" character varying NOT NULL, "session_token" character varying NOT NULL, "created_at" timestamp NOT NULL, "updated_at" timestamp NOT NULL) [0m
  [1m[35m (1.4ms)[0m  CREATE  INDEX  "index_users_on_username" ON "users" USING btree ("username")
  [1m[36m (6.0ms)[0m  [1mALTER TABLE "subs" ADD CONSTRAINT "fk_rails_3a590b47d8"
FOREIGN KEY ("user_id")
  REFERENCES "users" ("id")
[0m
  [1m[35m (3.6ms)[0m  CREATE TABLE "schema_migrations" ("version" character varying NOT NULL) 
  [1m[36m (1.2ms)[0m  [1mCREATE UNIQUE INDEX  "unique_schema_migrations" ON "schema_migrations"  ("version")[0m
  [1m[35m (0.4ms)[0m  SELECT version FROM "schema_migrations"
  [1m[36m (1.2ms)[0m  [1mINSERT INTO "schema_migrations" (version) VALUES ('20150313223150')[0m
  [1m[35m (0.5ms)[0m  INSERT INTO "schema_migrations" (version) VALUES ('20150313174717')
  [1m[36m (0.4ms)[0m  [1mINSERT INTO "schema_migrations" (version) VALUES ('20150313182956')[0m
  [1m[35m (0.4ms)[0m  INSERT INTO "schema_migrations" (version) VALUES ('20150313202042')
  [1m[36m (0.4ms)[0m  [1mINSERT INTO "schema_migrations" (version) VALUES ('20150313213039')[0m
  [1m[35m (0.3ms)[0m  INSERT INTO "schema_migrations" (version) VALUES ('20150313213800')
  [1m[36mSQL (0.4ms)[0m  [1mCREATE EXTENSION IF NOT EXISTS "plpgsql"[0m
  [1m[35m (9.3ms)[0m  CREATE TABLE "comments" ("id" serial primary key, "content" text, "user_id" integer NOT NULL, "post_id" integer NOT NULL, "parent_comment_id" integer, "created_at" timestamp NOT NULL, "updated_at" timestamp NOT NULL) 
  [1m[36m (1.3ms)[0m  [1mCREATE  INDEX  "index_comments_on_parent_comment_id" ON "comments" USING btree ("parent_comment_id")[0m
  [1m[35m (1.3ms)[0m  CREATE  INDEX  "index_comments_on_post_id" ON "comments" USING btree ("post_id")
  [1m[36m (1.1ms)[0m  [1mCREATE  INDEX  "index_comments_on_user_id" ON "comments" USING btree ("user_id")[0m
  [1m[35m (3.8ms)[0m  CREATE TABLE "post_subs" ("id" serial primary key, "post_id" integer NOT NULL, "sub_id" integer NOT NULL, "created_at" timestamp NOT NULL, "updated_at" timestamp NOT NULL) 
  [1m[36m (2.2ms)[0m  [1mCREATE  INDEX  "index_post_subs_on_post_id" ON "post_subs" USING btree ("post_id")[0m
  [1m[35m (1.2ms)[0m  CREATE  INDEX  "index_post_subs_on_sub_id" ON "post_subs" USING btree ("sub_id")
  [1m[36m (4.5ms)[0m  [1mCREATE TABLE "posts" ("id" serial primary key, "title" character varying NOT NULL, "url" character varying, "content" text, "user_id" integer NOT NULL, "created_at" timestamp NOT NULL, "updated_at" timestamp NOT NULL) [0m
  [1m[35m (1.2ms)[0m  CREATE  INDEX  "index_posts_on_user_id" ON "posts" USING btree ("user_id")
  [1m[36m (4.9ms)[0m  [1mCREATE TABLE "subs" ("id" serial primary key, "title" character varying NOT NULL, "description" text, "user_id" integer, "created_at" timestamp NOT NULL, "updated_at" timestamp NOT NULL) [0m
  [1m[35m (1.3ms)[0m  CREATE  INDEX  "index_subs_on_user_id" ON "subs" USING btree ("user_id")
  [1m[36m (4.3ms)[0m  [1mCREATE TABLE "users" ("id" serial primary key, "username" character varying NOT NULL, "password_digest" character varying NOT NULL, "session_token" character varying NOT NULL, "created_at" timestamp NOT NULL, "updated_at" timestamp NOT NULL) [0m
  [1m[35m (1.7ms)[0m  CREATE  INDEX  "index_users_on_username" ON "users" USING btree ("username")
  [1m[36m (3.0ms)[0m  [1mALTER TABLE "subs" ADD CONSTRAINT "fk_rails_55989466e1"
FOREIGN KEY ("user_id")
  REFERENCES "users" ("id")
[0m
  [1m[35m (2.7ms)[0m  CREATE TABLE "schema_migrations" ("version" character varying NOT NULL) 
  [1m[36m (1.2ms)[0m  [1mCREATE UNIQUE INDEX  "unique_schema_migrations" ON "schema_migrations"  ("version")[0m
  [1m[35m (0.4ms)[0m  SELECT version FROM "schema_migrations"
  [1m[36m (0.5ms)[0m  [1mINSERT INTO "schema_migrations" (version) VALUES ('20150313223150')[0m
  [1m[35m (0.4ms)[0m  INSERT INTO "schema_migrations" (version) VALUES ('20150313174717')
  [1m[36m (0.4ms)[0m  [1mINSERT INTO "schema_migrations" (version) VALUES ('20150313182956')[0m
  [1m[35m (0.4ms)[0m  INSERT INTO "schema_migrations" (version) VALUES ('20150313202042')
  [1m[36m (0.3ms)[0m  [1mINSERT INTO "schema_migrations" (version) VALUES ('20150313213039')[0m
  [1m[35m (0.3ms)[0m  INSERT INTO "schema_migrations" (version) VALUES ('20150313213800')
  [1m[36mActiveRecord::SchemaMigration Load (0.7ms)[0m  [1mSELECT "schema_migrations".* FROM "schema_migrations"[0m
  [1m[35m (0.9ms)[0m  BEGIN
  [1m[36mUser Exists (1.3ms)[0m  [1mSELECT  1 AS one FROM "users" WHERE "users"."username" = 'test' LIMIT 1[0m
  [1m[35mSQL (1.1ms)[0m  INSERT INTO "users" ("username", "password_digest", "session_token", "created_at", "updated_at") VALUES ($1, $2, $3, $4, $5) RETURNING "id"  [["username", "test"], ["password_digest", "$2a$10$i1Qv0E3lxw0K3HjH.VABge7MAABjTGG8LLVhdzEN9KZz7ikZWYzQS"], ["session_token", "CKwayjEj19h6oAk1IyksGA"], ["created_at", "2015-04-21 22:22:11.272704"], ["updated_at", "2015-04-21 22:22:11.272704"]]
  [1m[36m (0.4ms)[0m  [1mCOMMIT[0m
  [1m[35m (0.3ms)[0m  BEGIN
  [1m[36mUser Exists (0.6ms)[0m  [1mSELECT  1 AS one FROM "users" WHERE "users"."username" = 'cat' LIMIT 1[0m
  [1m[35mSQL (0.4ms)[0m  INSERT INTO "users" ("username", "password_digest", "session_token", "created_at", "updated_at") VALUES ($1, $2, $3, $4, $5) RETURNING "id"  [["username", "cat"], ["password_digest", "$2a$10$vHGGNwGEAzSzJQgXRpC52Olj9THZrEoJNAPkqfV7v0qp8EgPRugji"], ["session_token", "0saTBPdkXCR0uvcayVedAA"], ["created_at", "2015-04-21 22:22:11.351998"], ["updated_at", "2015-04-21 22:22:11.351998"]]
  [1m[36m (0.4ms)[0m  [1mCOMMIT[0m
  [1m[35m (0.2ms)[0m  BEGIN
  [1m[36mSQL (0.7ms)[0m  [1mINSERT INTO "subs" ("title", "description", "created_at", "updated_at") VALUES ($1, $2, $3, $4) RETURNING "id"[0m  [["title", "Cats"], ["description", "this is a cat sub about cats"], ["created_at", "2015-04-21 22:22:11.370631"], ["updated_at", "2015-04-21 22:22:11.370631"]]
  [1m[35m (0.4ms)[0m  COMMIT
  [1m[36m (0.1ms)[0m  [1mBEGIN[0m
  [1m[35mSQL (0.3ms)[0m  INSERT INTO "subs" ("title", "description", "created_at", "updated_at") VALUES ($1, $2, $3, $4) RETURNING "id"  [["title", "Dogs"], ["description", "this is a dog sub about dogs"], ["created_at", "2015-04-21 22:22:11.373864"], ["updated_at", "2015-04-21 22:22:11.373864"]]
  [1m[36m (0.3ms)[0m  [1mCOMMIT[0m


Started GET "/" for ::1 at 2015-04-21 15:22:22 -0700
  [1m[36mActiveRecord::SchemaMigration Load (1.3ms)[0m  [1mSELECT "schema_migrations".* FROM "schema_migrations"[0m
Processing by UsersController#new as HTML
  Rendered users/new.html.erb within layouts/application (3.6ms)
  [1m[35mUser Load (1.6ms)[0m  SELECT  "users".* FROM "users" WHERE "users"."session_token" IS NULL LIMIT 1
Completed 200 OK in 73ms (Views: 36.9ms | ActiveRecord: 8.5ms)


Started POST "/users" for ::1 at 2015-04-21 15:22:28 -0700
Processing by UsersController#create as HTML
  Parameters: {"user"=>{"username"=>"shibbi", "password"=>"[FILTERED]"}, "authenticity_token"=>"A8mUvfT/tHxdMSy4wXCqAAkCYGpQIYYJZzwdXsA3tWQ3N3KKFMrByCIgFfLVjZmElNJ0mJq55Q594fJw/c6wWA=="}
  [1m[36m (0.3ms)[0m  [1mBEGIN[0m
  [1m[35mUser Exists (1.0ms)[0m  SELECT  1 AS one FROM "users" WHERE "users"."username" = 'shibbi' LIMIT 1
  [1m[36mSQL (0.6ms)[0m  [1mINSERT INTO "users" ("username", "password_digest", "session_token", "created_at", "updated_at") VALUES ($1, $2, $3, $4, $5) RETURNING "id"[0m  [["username", "shibbi"], ["password_digest", "$2a$10$oS7rIic.QVa0CVuxU6mibOXxXWjvyclnuCQ93eHU1x1yjqMk4NJSO"], ["session_token", "OBINyFZCaaxWdVQ4akg9cg"], ["created_at", "2015-04-21 22:22:28.259940"], ["updated_at", "2015-04-21 22:22:28.259940"]]
  [1m[35m (0.5ms)[0m  COMMIT
  [1m[36m (0.1ms)[0m  [1mBEGIN[0m
  [1m[35mUser Exists (0.5ms)[0m  SELECT  1 AS one FROM "users" WHERE ("users"."username" = 'shibbi' AND "users"."id" != 3) LIMIT 1
  [1m[36mSQL (0.5ms)[0m  [1mUPDATE "users" SET "session_token" = $1, "updated_at" = $2 WHERE "users"."id" = $3[0m  [["session_token", "g4x-_1veApHUG6X_fK61gg"], ["updated_at", "2015-04-21 22:22:28.265391"], ["id", 3]]
  [1m[35m (0.4ms)[0m  COMMIT
Redirected to http://localhost:3000/users/3
Completed 302 Found in 91ms (ActiveRecord: 4.0ms)


Started GET "/users/3" for ::1 at 2015-04-21 15:22:28 -0700
Processing by UsersController#show as HTML
  Parameters: {"id"=>"3"}
  [1m[36mUser Load (0.8ms)[0m  [1mSELECT  "users".* FROM "users" WHERE "users"."session_token" = $1 LIMIT 1[0m  [["session_token", "g4x-_1veApHUG6X_fK61gg"]]
  [1m[35mCACHE (0.0ms)[0m  SELECT  "users".* FROM "users" WHERE "users"."session_token" = $1 LIMIT 1  [["session_token", "g4x-_1veApHUG6X_fK61gg"]]
  [1m[36mUser Load (0.3ms)[0m  [1mSELECT  "users".* FROM "users" WHERE "users"."id" = $1 LIMIT 1[0m  [["id", 3]]
  Rendered users/show.html.erb within layouts/application (0.5ms)
  [1m[35mCACHE (0.0ms)[0m  SELECT  "users".* FROM "users" WHERE "users"."session_token" = $1 LIMIT 1  [["session_token", "g4x-_1veApHUG6X_fK61gg"]]
  [1m[36mCACHE (0.0ms)[0m  [1mSELECT  "users".* FROM "users" WHERE "users"."session_token" = $1 LIMIT 1[0m  [["session_token", "g4x-_1veApHUG6X_fK61gg"]]
Completed 200 OK in 8ms (Views: 4.1ms | ActiveRecord: 1.1ms)


Started GET "/" for ::1 at 2015-04-21 15:22:32 -0700
Processing by UsersController#new as HTML
  Rendered users/new.html.erb within layouts/application (0.3ms)
  [1m[35mUser Load (0.4ms)[0m  SELECT  "users".* FROM "users" WHERE "users"."session_token" = $1 LIMIT 1  [["session_token", "g4x-_1veApHUG6X_fK61gg"]]
  [1m[36mCACHE (0.0ms)[0m  [1mSELECT  "users".* FROM "users" WHERE "users"."session_token" = $1 LIMIT 1[0m  [["session_token", "g4x-_1veApHUG6X_fK61gg"]]
Completed 200 OK in 4ms (Views: 2.8ms | ActiveRecord: 0.4ms)


Started GET "/index" for ::1 at 2015-04-21 15:22:37 -0700

ActionController::RoutingError (No route matches [GET] "/index"):
  actionpack (4.2.0) lib/action_dispatch/middleware/debug_exceptions.rb:21:in `call'
  web-console (2.1.2) lib/web_console/middleware.rb:37:in `call'
  actionpack (4.2.0) lib/action_dispatch/middleware/show_exceptions.rb:30:in `call'
  railties (4.2.0) lib/rails/rack/logger.rb:38:in `call_app'
  railties (4.2.0) lib/rails/rack/logger.rb:20:in `block in call'
  activesupport (4.2.0) lib/active_support/tagged_logging.rb:68:in `block in tagged'
  activesupport (4.2.0) lib/active_support/tagged_logging.rb:26:in `tagged'
  activesupport (4.2.0) lib/active_support/tagged_logging.rb:68:in `tagged'
  railties (4.2.0) lib/rails/rack/logger.rb:20:in `call'
  quiet_assets (1.1.0) lib/quiet_assets.rb:27:in `call_with_quiet_assets'
  actionpack (4.2.0) lib/action_dispatch/middleware/request_id.rb:21:in `call'
  rack (1.6.0) lib/rack/methodoverride.rb:22:in `call'
  rack (1.6.0) lib/rack/runtime.rb:18:in `call'
  activesupport (4.2.0) lib/active_support/cache/strategy/local_cache_middleware.rb:28:in `call'
  rack (1.6.0) lib/rack/lock.rb:17:in `call'
  actionpack (4.2.0) lib/action_dispatch/middleware/static.rb:113:in `call'
  rack (1.6.0) lib/rack/sendfile.rb:113:in `call'
  railties (4.2.0) lib/rails/engine.rb:518:in `call'
  railties (4.2.0) lib/rails/application.rb:164:in `call'
  rack (1.6.0) lib/rack/lock.rb:17:in `call'
  rack (1.6.0) lib/rack/content_length.rb:15:in `call'
  rack (1.6.0) lib/rack/handler/webrick.rb:89:in `service'
  /Users/shibbi/.rbenv/versions/2.1.2/lib/ruby/2.1.0/webrick/httpserver.rb:138:in `service'
  /Users/shibbi/.rbenv/versions/2.1.2/lib/ruby/2.1.0/webrick/httpserver.rb:94:in `run'
  /Users/shibbi/.rbenv/versions/2.1.2/lib/ruby/2.1.0/webrick/server.rb:295:in `block in start_thread'


  Rendered /Users/shibbi/.rbenv/versions/2.1.2/lib/ruby/gems/2.1.0/gems/actionpack-4.2.0/lib/action_dispatch/middleware/templates/rescues/_trace.html.erb (1.5ms)
  Rendered /Users/shibbi/.rbenv/versions/2.1.2/lib/ruby/gems/2.1.0/gems/actionpack-4.2.0/lib/action_dispatch/middleware/templates/routes/_route.html.erb (2.0ms)
  Rendered /Users/shibbi/.rbenv/versions/2.1.2/lib/ruby/gems/2.1.0/gems/actionpack-4.2.0/lib/action_dispatch/middleware/templates/routes/_table.html.erb (18.0ms)
  Rendered /Users/shibbi/.rbenv/versions/2.1.2/lib/ruby/gems/2.1.0/gems/actionpack-4.2.0/lib/action_dispatch/middleware/templates/rescues/_request_and_response.html.erb (1.7ms)
  Rendered /Users/shibbi/.rbenv/versions/2.1.2/lib/ruby/gems/2.1.0/gems/actionpack-4.2.0/lib/action_dispatch/middleware/templates/rescues/routing_error.html.erb within rescues/layout (57.7ms)
  Rendered /Users/shibbi/.rbenv/versions/2.1.2/lib/ruby/gems/2.1.0/gems/web-console-2.1.2/lib/web_console/templates/_markup.html.erb (0.4ms)
  Rendered /Users/shibbi/.rbenv/versions/2.1.2/lib/ruby/gems/2.1.0/gems/web-console-2.1.2/lib/web_console/templates/style.css.erb within layouts/inlined_string (0.4ms)
  Rendered /Users/shibbi/.rbenv/versions/2.1.2/lib/ruby/gems/2.1.0/gems/web-console-2.1.2/lib/web_console/templates/_inner_console_markup.html.erb within layouts/inlined_string (0.3ms)
  Rendered /Users/shibbi/.rbenv/versions/2.1.2/lib/ruby/gems/2.1.0/gems/web-console-2.1.2/lib/web_console/templates/_prompt_box_markup.html.erb within layouts/inlined_string (0.2ms)
  Rendered /Users/shibbi/.rbenv/versions/2.1.2/lib/ruby/gems/2.1.0/gems/web-console-2.1.2/lib/web_console/templates/console.js.erb within layouts/javascript (18.6ms)
  Rendered /Users/shibbi/.rbenv/versions/2.1.2/lib/ruby/gems/2.1.0/gems/web-console-2.1.2/lib/web_console/templates/main.js.erb within layouts/javascript (0.4ms)
  Rendered /Users/shibbi/.rbenv/versions/2.1.2/lib/ruby/gems/2.1.0/gems/web-console-2.1.2/lib/web_console/templates/error_page.js.erb within layouts/javascript (0.4ms)
  Rendered /Users/shibbi/.rbenv/versions/2.1.2/lib/ruby/gems/2.1.0/gems/web-console-2.1.2/lib/web_console/templates/index.html.erb (42.0ms)


Started GET "/posts" for ::1 at 2015-04-21 15:22:39 -0700

ActionController::RoutingError (No route matches [GET] "/posts"):
  actionpack (4.2.0) lib/action_dispatch/middleware/debug_exceptions.rb:21:in `call'
  web-console (2.1.2) lib/web_console/middleware.rb:37:in `call'
  actionpack (4.2.0) lib/action_dispatch/middleware/show_exceptions.rb:30:in `call'
  railties (4.2.0) lib/rails/rack/logger.rb:38:in `call_app'
  railties (4.2.0) lib/rails/rack/logger.rb:20:in `block in call'
  activesupport (4.2.0) lib/active_support/tagged_logging.rb:68:in `block in tagged'
  activesupport (4.2.0) lib/active_support/tagged_logging.rb:26:in `tagged'
  activesupport (4.2.0) lib/active_support/tagged_logging.rb:68:in `tagged'
  railties (4.2.0) lib/rails/rack/logger.rb:20:in `call'
  quiet_assets (1.1.0) lib/quiet_assets.rb:27:in `call_with_quiet_assets'
  actionpack (4.2.0) lib/action_dispatch/middleware/request_id.rb:21:in `call'
  rack (1.6.0) lib/rack/methodoverride.rb:22:in `call'
  rack (1.6.0) lib/rack/runtime.rb:18:in `call'
  activesupport (4.2.0) lib/active_support/cache/strategy/local_cache_middleware.rb:28:in `call'
  rack (1.6.0) lib/rack/lock.rb:17:in `call'
  actionpack (4.2.0) lib/action_dispatch/middleware/static.rb:113:in `call'
  rack (1.6.0) lib/rack/sendfile.rb:113:in `call'
  railties (4.2.0) lib/rails/engine.rb:518:in `call'
  railties (4.2.0) lib/rails/application.rb:164:in `call'
  rack (1.6.0) lib/rack/lock.rb:17:in `call'
  rack (1.6.0) lib/rack/content_length.rb:15:in `call'
  rack (1.6.0) lib/rack/handler/webrick.rb:89:in `service'
  /Users/shibbi/.rbenv/versions/2.1.2/lib/ruby/2.1.0/webrick/httpserver.rb:138:in `service'
  /Users/shibbi/.rbenv/versions/2.1.2/lib/ruby/2.1.0/webrick/httpserver.rb:94:in `run'
  /Users/shibbi/.rbenv/versions/2.1.2/lib/ruby/2.1.0/webrick/server.rb:295:in `block in start_thread'


  Rendered /Users/shibbi/.rbenv/versions/2.1.2/lib/ruby/gems/2.1.0/gems/actionpack-4.2.0/lib/action_dispatch/middleware/templates/rescues/_trace.html.erb (2.2ms)
  Rendered /Users/shibbi/.rbenv/versions/2.1.2/lib/ruby/gems/2.1.0/gems/actionpack-4.2.0/lib/action_dispatch/middleware/templates/routes/_route.html.erb (2.2ms)
  Rendered /Users/shibbi/.rbenv/versions/2.1.2/lib/ruby/gems/2.1.0/gems/actionpack-4.2.0/lib/action_dispatch/middleware/templates/routes/_table.html.erb (1.3ms)
  Rendered /Users/shibbi/.rbenv/versions/2.1.2/lib/ruby/gems/2.1.0/gems/actionpack-4.2.0/lib/action_dispatch/middleware/templates/rescues/_request_and_response.html.erb (1.6ms)
  Rendered /Users/shibbi/.rbenv/versions/2.1.2/lib/ruby/gems/2.1.0/gems/actionpack-4.2.0/lib/action_dispatch/middleware/templates/rescues/routing_error.html.erb within rescues/layout (32.8ms)
  Rendered /Users/shibbi/.rbenv/versions/2.1.2/lib/ruby/gems/2.1.0/gems/web-console-2.1.2/lib/web_console/templates/_markup.html.erb (0.4ms)
  Rendered /Users/shibbi/.rbenv/versions/2.1.2/lib/ruby/gems/2.1.0/gems/web-console-2.1.2/lib/web_console/templates/style.css.erb within layouts/inlined_string (0.2ms)
  Rendered /Users/shibbi/.rbenv/versions/2.1.2/lib/ruby/gems/2.1.0/gems/web-console-2.1.2/lib/web_console/templates/_inner_console_markup.html.erb within layouts/inlined_string (0.2ms)
  Rendered /Users/shibbi/.rbenv/versions/2.1.2/lib/ruby/gems/2.1.0/gems/web-console-2.1.2/lib/web_console/templates/_prompt_box_markup.html.erb within layouts/inlined_string (0.2ms)
  Rendered /Users/shibbi/.rbenv/versions/2.1.2/lib/ruby/gems/2.1.0/gems/web-console-2.1.2/lib/web_console/templates/console.js.erb within layouts/javascript (12.9ms)
  Rendered /Users/shibbi/.rbenv/versions/2.1.2/lib/ruby/gems/2.1.0/gems/web-console-2.1.2/lib/web_console/templates/main.js.erb within layouts/javascript (0.2ms)
  Rendered /Users/shibbi/.rbenv/versions/2.1.2/lib/ruby/gems/2.1.0/gems/web-console-2.1.2/lib/web_console/templates/error_page.js.erb within layouts/javascript (0.3ms)
  Rendered /Users/shibbi/.rbenv/versions/2.1.2/lib/ruby/gems/2.1.0/gems/web-console-2.1.2/lib/web_console/templates/index.html.erb (30.3ms)


Started GET "/subs" for ::1 at 2015-04-21 15:23:19 -0700
Processing by SubsController#index as HTML
  [1m[35mSub Load (0.9ms)[0m  SELECT "subs".* FROM "subs"
  Rendered subs/index.html.erb within layouts/application (8.7ms)
  [1m[36mUser Load (0.4ms)[0m  [1mSELECT  "users".* FROM "users" WHERE "users"."session_token" = $1 LIMIT 1[0m  [["session_token", "g4x-_1veApHUG6X_fK61gg"]]
  [1m[35mCACHE (0.0ms)[0m  SELECT  "users".* FROM "users" WHERE "users"."session_token" = $1 LIMIT 1  [["session_token", "g4x-_1veApHUG6X_fK61gg"]]
Completed 200 OK in 24ms (Views: 12.5ms | ActiveRecord: 3.2ms)


Started GET "/subs/1" for ::1 at 2015-04-21 15:23:20 -0700
Processing by SubsController#show as HTML
  Parameters: {"id"=>"1"}
  [1m[36mSub Load (0.3ms)[0m  [1mSELECT  "subs".* FROM "subs" WHERE "subs"."id" = $1 LIMIT 1[0m  [["id", 1]]
  [1m[35mPost Load (3.1ms)[0m  SELECT "posts".* FROM "posts" INNER JOIN "post_subs" ON "posts"."id" = "post_subs"."post_id" WHERE "post_subs"."sub_id" = $1  [["sub_id", 1]]
  Rendered subs/show.html.erb within layouts/application (41.7ms)
  [1m[36mUser Load (0.3ms)[0m  [1mSELECT  "users".* FROM "users" WHERE "users"."session_token" = $1 LIMIT 1[0m  [["session_token", "g4x-_1veApHUG6X_fK61gg"]]
  [1m[35mCACHE (0.0ms)[0m  SELECT  "users".* FROM "users" WHERE "users"."session_token" = $1 LIMIT 1  [["session_token", "g4x-_1veApHUG6X_fK61gg"]]
Completed 200 OK in 48ms (Views: 38.7ms | ActiveRecord: 7.1ms)


Started GET "/subs" for ::1 at 2015-04-21 15:23:22 -0700
Processing by SubsController#index as HTML
  [1m[36mSub Load (0.5ms)[0m  [1mSELECT "subs".* FROM "subs"[0m
  Rendered subs/index.html.erb within layouts/application (1.5ms)
  [1m[35mUser Load (0.3ms)[0m  SELECT  "users".* FROM "users" WHERE "users"."session_token" = $1 LIMIT 1  [["session_token", "g4x-_1veApHUG6X_fK61gg"]]
  [1m[36mCACHE (0.0ms)[0m  [1mSELECT  "users".* FROM "users" WHERE "users"."session_token" = $1 LIMIT 1[0m  [["session_token", "g4x-_1veApHUG6X_fK61gg"]]
Completed 200 OK in 5ms (Views: 3.7ms | ActiveRecord: 0.9ms)


Started DELETE "/session" for ::1 at 2015-04-21 15:23:31 -0700
Processing by SessionsController#destroy as HTML
  Parameters: {"authenticity_token"=>"3KKNL5c2kYn16HqOw/hqeCkt/WMdgS3bhxBtcfEYRM3oXGsYdwPkPYr5Q8TXBVn8tP3pkdcZTtydzYJfzOFB8Q=="}
  [1m[35mUser Load (0.5ms)[0m  SELECT  "users".* FROM "users" WHERE "users"."session_token" = $1 LIMIT 1  [["session_token", "g4x-_1veApHUG6X_fK61gg"]]
  [1m[36m (0.2ms)[0m  [1mBEGIN[0m
  [1m[35mUser Exists (1.0ms)[0m  SELECT  1 AS one FROM "users" WHERE ("users"."username" = 'shibbi' AND "users"."id" != 3) LIMIT 1
  [1m[36mSQL (0.6ms)[0m  [1mUPDATE "users" SET "session_token" = $1, "updated_at" = $2 WHERE "users"."id" = $3[0m  [["session_token", "mH5KC0OZl5U3Lx4Z_v0VAw"], ["updated_at", "2015-04-21 22:23:31.156139"], ["id", 3]]
  [1m[35m (0.4ms)[0m  COMMIT
Redirected to http://localhost:3000/session/new
Completed 302 Found in 9ms (ActiveRecord: 2.6ms)


Started GET "/session/new" for ::1 at 2015-04-21 15:23:31 -0700
Processing by SessionsController#new as HTML
  [1m[36mUser Load (0.6ms)[0m  [1mSELECT  "users".* FROM "users" WHERE "users"."session_token" IS NULL LIMIT 1[0m
  Rendered sessions/new.html.erb within layouts/application (0.8ms)
  [1m[35mCACHE (0.0ms)[0m  SELECT  "users".* FROM "users" WHERE "users"."session_token" IS NULL LIMIT 1
Completed 200 OK in 11ms (Views: 8.2ms | ActiveRecord: 0.7ms)


Started GET "/subs" for ::1 at 2015-04-21 15:23:32 -0700
Processing by SubsController#index as HTML
  [1m[36mSub Load (0.4ms)[0m  [1mSELECT "subs".* FROM "subs"[0m
  Rendered subs/index.html.erb within layouts/application (1.3ms)
  [1m[35mUser Load (0.4ms)[0m  SELECT  "users".* FROM "users" WHERE "users"."session_token" IS NULL LIMIT 1
Completed 200 OK in 5ms (Views: 3.0ms | ActiveRecord: 0.8ms)


Started GET "/subs/new" for ::1 at 2015-04-21 15:23:36 -0700
Processing by SubsController#new as HTML
  [1m[36mUser Load (0.4ms)[0m  [1mSELECT  "users".* FROM "users" WHERE "users"."session_token" IS NULL LIMIT 1[0m
Redirected to http://localhost:3000/session/new
Filter chain halted as #<Proc:0x007f93da290fc0@/Users/shibbi/Documents/Code/aA/Backups/rails/RedditClone/app/controllers/subs_controller.rb:2> rendered or redirected
Completed 302 Found in 2ms (ActiveRecord: 0.4ms)


Started GET "/session/new" for ::1 at 2015-04-21 15:23:36 -0700
Processing by SessionsController#new as HTML
  [1m[35mUser Load (0.4ms)[0m  SELECT  "users".* FROM "users" WHERE "users"."session_token" IS NULL LIMIT 1
  Rendered sessions/new.html.erb within layouts/application (0.4ms)
  [1m[36mCACHE (0.0ms)[0m  [1mSELECT  "users".* FROM "users" WHERE "users"."session_token" IS NULL LIMIT 1[0m
Completed 200 OK in 5ms (Views: 2.9ms | ActiveRecord: 0.4ms)
